
AVRASM ver. 2.1.30  F:\Users\ROOT\Desktop\HW3mo\List\HW3_903119.asm Mon Mar 30 13:14:26 2015

F:\Users\ROOT\Desktop\HW3mo\List\HW3_903119.asm(1072): warning: Register r4 already defined by the .DEF directive
F:\Users\ROOT\Desktop\HW3mo\List\HW3_903119.asm(1073): warning: Register r6 already defined by the .DEF directive
                 
                 
                 ;CodeVisionAVR C Compiler V2.05.3 Standard
                 ;(C) Copyright 1998-2011 Pavel Haiduc, HP InfoTech s.r.l.
                 ;http://www.hpinfotech.com
                 
                 ;Chip type                : ATmega32
                 ;Program type             : Application
                 ;Clock frequency          : 4.000000 MHz
                 ;Memory model             : Small
                 ;Optimize for             : Size
                 ;(s)printf features       : int, width
                 ;(s)scanf features        : int, width
                 ;External RAM size        : 0
                 ;Data Stack size          : 512 byte(s)
                 ;Heap size                : 0 byte(s)
                 ;Promote 'char' to 'int'  : Yes
                 ;'char' is unsigned       : Yes
                 ;8 bit enums              : Yes
                 ;Global 'const' stored in FLASH     : No
                 ;Enhanced function parameter passing: Yes
                 ;Enhanced core instructions         : On
                 ;Smart register allocation          : On
                 ;Automatic register allocation      : On
                 
                 	#pragma AVRPART ADMIN PART_NAME ATmega32
                 	#pragma AVRPART MEMORY PROG_FLASH 32768
                 	#pragma AVRPART MEMORY EEPROM 1024
                 	#pragma AVRPART MEMORY INT_SRAM SIZE 2143
                 	#pragma AVRPART MEMORY INT_SRAM START_ADDR 0x60
                 
                 	#define CALL_SUPPORTED 1
                 
                 	.LISTMAC
                 	.EQU UDRE=0x5
                 	.EQU RXC=0x7
                 	.EQU USR=0xB
                 	.EQU UDR=0xC
                 	.EQU SPSR=0xE
                 	.EQU SPDR=0xF
                 	.EQU EERE=0x0
                 	.EQU EEWE=0x1
                 	.EQU EEMWE=0x2
                 	.EQU EECR=0x1C
                 	.EQU EEDR=0x1D
                 	.EQU EEARL=0x1E
                 	.EQU EEARH=0x1F
                 	.EQU WDTCR=0x21
                 	.EQU MCUCR=0x35
                 	.EQU GICR=0x3B
                 	.EQU SPL=0x3D
                 	.EQU SPH=0x3E
                 	.EQU SREG=0x3F
                 
                 	.DEF R0X0=R0
                 	.DEF R0X1=R1
                 	.DEF R0X2=R2
                 	.DEF R0X3=R3
                 	.DEF R0X4=R4
                 	.DEF R0X5=R5
                 	.DEF R0X6=R6
                 	.DEF R0X7=R7
                 	.DEF R0X8=R8
                 	.DEF R0X9=R9
                 	.DEF R0XA=R10
                 	.DEF R0XB=R11
                 	.DEF R0XC=R12
                 	.DEF R0XD=R13
                 	.DEF R0XE=R14
                 	.DEF R0XF=R15
                 	.DEF R0X10=R16
                 	.DEF R0X11=R17
                 	.DEF R0X12=R18
                 	.DEF R0X13=R19
                 	.DEF R0X14=R20
                 	.DEF R0X15=R21
                 	.DEF R0X16=R22
                 	.DEF R0X17=R23
                 	.DEF R0X18=R24
                 	.DEF R0X19=R25
                 	.DEF R0X1A=R26
                 	.DEF R0X1B=R27
                 	.DEF R0X1C=R28
                 	.DEF R0X1D=R29
                 	.DEF R0X1E=R30
                 	.DEF R0X1F=R31
                 
                 	.EQU __SRAM_START=0x0060
                 	.EQU __SRAM_END=0x085F
                 	.EQU __DSTACK_SIZE=0x0200
                 	.EQU __HEAP_SIZE=0x0000
                 	.EQU __CLEAR_SRAM_SIZE=__SRAM_END-__SRAM_START+1
                 
                 	.MACRO __CPD1N
                 	CPI  R30,LOW(@0)
                 	LDI  R26,HIGH(@0)
                 	CPC  R31,R26
                 	LDI  R26,BYTE3(@0)
                 	CPC  R22,R26
                 	LDI  R26,BYTE4(@0)
                 	CPC  R23,R26
                 	.ENDM
                 
                 	.MACRO __CPD2N
                 	CPI  R26,LOW(@0)
                 	LDI  R30,HIGH(@0)
                 	CPC  R27,R30
                 	LDI  R30,BYTE3(@0)
                 	CPC  R24,R30
                 	LDI  R30,BYTE4(@0)
                 	CPC  R25,R30
                 	.ENDM
                 
                 	.MACRO __CPWRR
                 	CP   R@0,R@2
                 	CPC  R@1,R@3
                 	.ENDM
                 
                 	.MACRO __CPWRN
                 	CPI  R@0,LOW(@2)
                 	LDI  R30,HIGH(@2)
                 	CPC  R@1,R30
                 	.ENDM
                 
                 	.MACRO __ADDB1MN
                 	SUBI R30,LOW(-@0-(@1))
                 	.ENDM
                 
                 	.MACRO __ADDB2MN
                 	SUBI R26,LOW(-@0-(@1))
                 	.ENDM
                 
                 	.MACRO __ADDW1MN
                 	SUBI R30,LOW(-@0-(@1))
                 	SBCI R31,HIGH(-@0-(@1))
                 	.ENDM
                 
                 	.MACRO __ADDW2MN
                 	SUBI R26,LOW(-@0-(@1))
                 	SBCI R27,HIGH(-@0-(@1))
                 	.ENDM
                 
                 	.MACRO __ADDW1FN
                 	SUBI R30,LOW(-2*@0-(@1))
                 	SBCI R31,HIGH(-2*@0-(@1))
                 	.ENDM
                 
                 	.MACRO __ADDD1FN
                 	SUBI R30,LOW(-2*@0-(@1))
                 	SBCI R31,HIGH(-2*@0-(@1))
                 	SBCI R22,BYTE3(-2*@0-(@1))
                 	.ENDM
                 
                 	.MACRO __ADDD1N
                 	SUBI R30,LOW(-@0)
                 	SBCI R31,HIGH(-@0)
                 	SBCI R22,BYTE3(-@0)
                 	SBCI R23,BYTE4(-@0)
                 	.ENDM
                 
                 	.MACRO __ADDD2N
                 	SUBI R26,LOW(-@0)
                 	SBCI R27,HIGH(-@0)
                 	SBCI R24,BYTE3(-@0)
                 	SBCI R25,BYTE4(-@0)
                 	.ENDM
                 
                 	.MACRO __SUBD1N
                 	SUBI R30,LOW(@0)
                 	SBCI R31,HIGH(@0)
                 	SBCI R22,BYTE3(@0)
                 	SBCI R23,BYTE4(@0)
                 	.ENDM
                 
                 	.MACRO __SUBD2N
                 	SUBI R26,LOW(@0)
                 	SBCI R27,HIGH(@0)
                 	SBCI R24,BYTE3(@0)
                 	SBCI R25,BYTE4(@0)
                 	.ENDM
                 
                 	.MACRO __ANDBMNN
                 	LDS  R30,@0+(@1)
                 	ANDI R30,LOW(@2)
                 	STS  @0+(@1),R30
                 	.ENDM
                 
                 	.MACRO __ANDWMNN
                 	LDS  R30,@0+(@1)
                 	ANDI R30,LOW(@2)
                 	STS  @0+(@1),R30
                 	LDS  R30,@0+(@1)+1
                 	ANDI R30,HIGH(@2)
                 	STS  @0+(@1)+1,R30
                 	.ENDM
                 
                 	.MACRO __ANDD1N
                 	ANDI R30,LOW(@0)
                 	ANDI R31,HIGH(@0)
                 	ANDI R22,BYTE3(@0)
                 	ANDI R23,BYTE4(@0)
                 	.ENDM
                 
                 	.MACRO __ANDD2N
                 	ANDI R26,LOW(@0)
                 	ANDI R27,HIGH(@0)
                 	ANDI R24,BYTE3(@0)
                 	ANDI R25,BYTE4(@0)
                 	.ENDM
                 
                 	.MACRO __ORBMNN
                 	LDS  R30,@0+(@1)
                 	ORI  R30,LOW(@2)
                 	STS  @0+(@1),R30
                 	.ENDM
                 
                 	.MACRO __ORWMNN
                 	LDS  R30,@0+(@1)
                 	ORI  R30,LOW(@2)
                 	STS  @0+(@1),R30
                 	LDS  R30,@0+(@1)+1
                 	ORI  R30,HIGH(@2)
                 	STS  @0+(@1)+1,R30
                 	.ENDM
                 
                 	.MACRO __ORD1N
                 	ORI  R30,LOW(@0)
                 	ORI  R31,HIGH(@0)
                 	ORI  R22,BYTE3(@0)
                 	ORI  R23,BYTE4(@0)
                 	.ENDM
                 
                 	.MACRO __ORD2N
                 	ORI  R26,LOW(@0)
                 	ORI  R27,HIGH(@0)
                 	ORI  R24,BYTE3(@0)
                 	ORI  R25,BYTE4(@0)
                 	.ENDM
                 
                 	.MACRO __DELAY_USB
                 	LDI  R24,LOW(@0)
                 __DELAY_USB_LOOP:
                 	DEC  R24
                 	BRNE __DELAY_USB_LOOP
                 	.ENDM
                 
                 	.MACRO __DELAY_USW
                 	LDI  R24,LOW(@0)
                 	LDI  R25,HIGH(@0)
                 __DELAY_USW_LOOP:
                 	SBIW R24,1
                 	BRNE __DELAY_USW_LOOP
                 	.ENDM
                 
                 	.MACRO __GETD1S
                 	LDD  R30,Y+@0
                 	LDD  R31,Y+@0+1
                 	LDD  R22,Y+@0+2
                 	LDD  R23,Y+@0+3
                 	.ENDM
                 
                 	.MACRO __GETD2S
                 	LDD  R26,Y+@0
                 	LDD  R27,Y+@0+1
                 	LDD  R24,Y+@0+2
                 	LDD  R25,Y+@0+3
                 	.ENDM
                 
                 	.MACRO __PUTD1S
                 	STD  Y+@0,R30
                 	STD  Y+@0+1,R31
                 	STD  Y+@0+2,R22
                 	STD  Y+@0+3,R23
                 	.ENDM
                 
                 	.MACRO __PUTD2S
                 	STD  Y+@0,R26
                 	STD  Y+@0+1,R27
                 	STD  Y+@0+2,R24
                 	STD  Y+@0+3,R25
                 	.ENDM
                 
                 	.MACRO __PUTDZ2
                 	STD  Z+@0,R26
                 	STD  Z+@0+1,R27
                 	STD  Z+@0+2,R24
                 	STD  Z+@0+3,R25
                 	.ENDM
                 
                 	.MACRO __CLRD1S
                 	STD  Y+@0,R30
                 	STD  Y+@0+1,R30
                 	STD  Y+@0+2,R30
                 	STD  Y+@0+3,R30
                 	.ENDM
                 
                 	.MACRO __POINTB1MN
                 	LDI  R30,LOW(@0+(@1))
                 	.ENDM
                 
                 	.MACRO __POINTW1MN
                 	LDI  R30,LOW(@0+(@1))
                 	LDI  R31,HIGH(@0+(@1))
                 	.ENDM
                 
                 	.MACRO __POINTD1M
                 	LDI  R30,LOW(@0)
                 	LDI  R31,HIGH(@0)
                 	LDI  R22,BYTE3(@0)
                 	LDI  R23,BYTE4(@0)
                 	.ENDM
                 
                 	.MACRO __POINTW1FN
                 	LDI  R30,LOW(2*@0+(@1))
                 	LDI  R31,HIGH(2*@0+(@1))
                 	.ENDM
                 
                 	.MACRO __POINTD1FN
                 	LDI  R30,LOW(2*@0+(@1))
                 	LDI  R31,HIGH(2*@0+(@1))
                 	LDI  R22,BYTE3(2*@0+(@1))
                 	LDI  R23,BYTE4(2*@0+(@1))
                 	.ENDM
                 
                 	.MACRO __POINTB2MN
                 	LDI  R26,LOW(@0+(@1))
                 	.ENDM
                 
                 	.MACRO __POINTW2MN
                 	LDI  R26,LOW(@0+(@1))
                 	LDI  R27,HIGH(@0+(@1))
                 	.ENDM
                 
                 	.MACRO __POINTW2FN
                 	LDI  R26,LOW(2*@0+(@1))
                 	LDI  R27,HIGH(2*@0+(@1))
                 	.ENDM
                 
                 	.MACRO __POINTD2FN
                 	LDI  R26,LOW(2*@0+(@1))
                 	LDI  R27,HIGH(2*@0+(@1))
                 	LDI  R24,BYTE3(2*@0+(@1))
                 	LDI  R25,BYTE4(2*@0+(@1))
                 	.ENDM
                 
                 	.MACRO __POINTBRM
                 	LDI  R@0,LOW(@1)
                 	.ENDM
                 
                 	.MACRO __POINTWRM
                 	LDI  R@0,LOW(@2)
                 	LDI  R@1,HIGH(@2)
                 	.ENDM
                 
                 	.MACRO __POINTBRMN
                 	LDI  R@0,LOW(@1+(@2))
                 	.ENDM
                 
                 	.MACRO __POINTWRMN
                 	LDI  R@0,LOW(@2+(@3))
                 	LDI  R@1,HIGH(@2+(@3))
                 	.ENDM
                 
                 	.MACRO __POINTWRFN
                 	LDI  R@0,LOW(@2*2+(@3))
                 	LDI  R@1,HIGH(@2*2+(@3))
                 	.ENDM
                 
                 	.MACRO __GETD1N
                 	LDI  R30,LOW(@0)
                 	LDI  R31,HIGH(@0)
                 	LDI  R22,BYTE3(@0)
                 	LDI  R23,BYTE4(@0)
                 	.ENDM
                 
                 	.MACRO __GETD2N
                 	LDI  R26,LOW(@0)
                 	LDI  R27,HIGH(@0)
                 	LDI  R24,BYTE3(@0)
                 	LDI  R25,BYTE4(@0)
                 	.ENDM
                 
                 	.MACRO __GETB1MN
                 	LDS  R30,@0+(@1)
                 	.ENDM
                 
                 	.MACRO __GETB1HMN
                 	LDS  R31,@0+(@1)
                 	.ENDM
                 
                 	.MACRO __GETW1MN
                 	LDS  R30,@0+(@1)
                 	LDS  R31,@0+(@1)+1
                 	.ENDM
                 
                 	.MACRO __GETD1MN
                 	LDS  R30,@0+(@1)
                 	LDS  R31,@0+(@1)+1
                 	LDS  R22,@0+(@1)+2
                 	LDS  R23,@0+(@1)+3
                 	.ENDM
                 
                 	.MACRO __GETBRMN
                 	LDS  R@0,@1+(@2)
                 	.ENDM
                 
                 	.MACRO __GETWRMN
                 	LDS  R@0,@2+(@3)
                 	LDS  R@1,@2+(@3)+1
                 	.ENDM
                 
                 	.MACRO __GETWRZ
                 	LDD  R@0,Z+@2
                 	LDD  R@1,Z+@2+1
                 	.ENDM
                 
                 	.MACRO __GETD2Z
                 	LDD  R26,Z+@0
                 	LDD  R27,Z+@0+1
                 	LDD  R24,Z+@0+2
                 	LDD  R25,Z+@0+3
                 	.ENDM
                 
                 	.MACRO __GETB2MN
                 	LDS  R26,@0+(@1)
                 	.ENDM
                 
                 	.MACRO __GETW2MN
                 	LDS  R26,@0+(@1)
                 	LDS  R27,@0+(@1)+1
                 	.ENDM
                 
                 	.MACRO __GETD2MN
                 	LDS  R26,@0+(@1)
                 	LDS  R27,@0+(@1)+1
                 	LDS  R24,@0+(@1)+2
                 	LDS  R25,@0+(@1)+3
                 	.ENDM
                 
                 	.MACRO __PUTB1MN
                 	STS  @0+(@1),R30
                 	.ENDM
                 
                 	.MACRO __PUTW1MN
                 	STS  @0+(@1),R30
                 	STS  @0+(@1)+1,R31
                 	.ENDM
                 
                 	.MACRO __PUTD1MN
                 	STS  @0+(@1),R30
                 	STS  @0+(@1)+1,R31
                 	STS  @0+(@1)+2,R22
                 	STS  @0+(@1)+3,R23
                 	.ENDM
                 
                 	.MACRO __PUTB1EN
                 	LDI  R26,LOW(@0+(@1))
                 	LDI  R27,HIGH(@0+(@1))
                 	CALL __EEPROMWRB
                 	.ENDM
                 
                 	.MACRO __PUTW1EN
                 	LDI  R26,LOW(@0+(@1))
                 	LDI  R27,HIGH(@0+(@1))
                 	CALL __EEPROMWRW
                 	.ENDM
                 
                 	.MACRO __PUTD1EN
                 	LDI  R26,LOW(@0+(@1))
                 	LDI  R27,HIGH(@0+(@1))
                 	CALL __EEPROMWRD
                 	.ENDM
                 
                 	.MACRO __PUTBR0MN
                 	STS  @0+(@1),R0
                 	.ENDM
                 
                 	.MACRO __PUTBMRN
                 	STS  @0+(@1),R@2
                 	.ENDM
                 
                 	.MACRO __PUTWMRN
                 	STS  @0+(@1),R@2
                 	STS  @0+(@1)+1,R@3
                 	.ENDM
                 
                 	.MACRO __PUTBZR
                 	STD  Z+@1,R@0
                 	.ENDM
                 
                 	.MACRO __PUTWZR
                 	STD  Z+@2,R@0
                 	STD  Z+@2+1,R@1
                 	.ENDM
                 
                 	.MACRO __GETW1R
                 	MOV  R30,R@0
                 	MOV  R31,R@1
                 	.ENDM
                 
                 	.MACRO __GETW2R
                 	MOV  R26,R@0
                 	MOV  R27,R@1
                 	.ENDM
                 
                 	.MACRO __GETWRN
                 	LDI  R@0,LOW(@2)
                 	LDI  R@1,HIGH(@2)
                 	.ENDM
                 
                 	.MACRO __PUTW1R
                 	MOV  R@0,R30
                 	MOV  R@1,R31
                 	.ENDM
                 
                 	.MACRO __PUTW2R
                 	MOV  R@0,R26
                 	MOV  R@1,R27
                 	.ENDM
                 
                 	.MACRO __ADDWRN
                 	SUBI R@0,LOW(-@2)
                 	SBCI R@1,HIGH(-@2)
                 	.ENDM
                 
                 	.MACRO __ADDWRR
                 	ADD  R@0,R@2
                 	ADC  R@1,R@3
                 	.ENDM
                 
                 	.MACRO __SUBWRN
                 	SUBI R@0,LOW(@2)
                 	SBCI R@1,HIGH(@2)
                 	.ENDM
                 
                 	.MACRO __SUBWRR
                 	SUB  R@0,R@2
                 	SBC  R@1,R@3
                 	.ENDM
                 
                 	.MACRO __ANDWRN
                 	ANDI R@0,LOW(@2)
                 	ANDI R@1,HIGH(@2)
                 	.ENDM
                 
                 	.MACRO __ANDWRR
                 	AND  R@0,R@2
                 	AND  R@1,R@3
                 	.ENDM
                 
                 	.MACRO __ORWRN
                 	ORI  R@0,LOW(@2)
                 	ORI  R@1,HIGH(@2)
                 	.ENDM
                 
                 	.MACRO __ORWRR
                 	OR   R@0,R@2
                 	OR   R@1,R@3
                 	.ENDM
                 
                 	.MACRO __EORWRR
                 	EOR  R@0,R@2
                 	EOR  R@1,R@3
                 	.ENDM
                 
                 	.MACRO __GETWRS
                 	LDD  R@0,Y+@2
                 	LDD  R@1,Y+@2+1
                 	.ENDM
                 
                 	.MACRO __PUTBSR
                 	STD  Y+@1,R@0
                 	.ENDM
                 
                 	.MACRO __PUTWSR
                 	STD  Y+@2,R@0
                 	STD  Y+@2+1,R@1
                 	.ENDM
                 
                 	.MACRO __MOVEWRR
                 	MOV  R@0,R@2
                 	MOV  R@1,R@3
                 	.ENDM
                 
                 	.MACRO __INWR
                 	IN   R@0,@2
                 	IN   R@1,@2+1
                 	.ENDM
                 
                 	.MACRO __OUTWR
                 	OUT  @2+1,R@1
                 	OUT  @2,R@0
                 	.ENDM
                 
                 	.MACRO __CALL1MN
                 	LDS  R30,@0+(@1)
                 	LDS  R31,@0+(@1)+1
                 	ICALL
                 	.ENDM
                 
                 	.MACRO __CALL1FN
                 	LDI  R30,LOW(2*@0+(@1))
                 	LDI  R31,HIGH(2*@0+(@1))
                 	CALL __GETW1PF
                 	ICALL
                 	.ENDM
                 
                 	.MACRO __CALL2EN
                 	LDI  R26,LOW(@0+(@1))
                 	LDI  R27,HIGH(@0+(@1))
                 	CALL __EEPROMRDW
                 	ICALL
                 	.ENDM
                 
                 	.MACRO __GETW1STACK
                 	IN   R26,SPL
                 	IN   R27,SPH
                 	ADIW R26,@0+1
                 	LD   R30,X+
                 	LD   R31,X
                 	.ENDM
                 
                 	.MACRO __GETD1STACK
                 	IN   R26,SPL
                 	IN   R27,SPH
                 	ADIW R26,@0+1
                 	LD   R30,X+
                 	LD   R31,X+
                 	LD   R22,X
                 	.ENDM
                 
                 	.MACRO __NBST
                 	BST  R@0,@1
                 	IN   R30,SREG
                 	LDI  R31,0x40
                 	EOR  R30,R31
                 	OUT  SREG,R30
                 	.ENDM
                 
                 
                 	.MACRO __PUTB1SN
                 	LDD  R26,Y+@0
                 	LDD  R27,Y+@0+1
                 	SUBI R26,LOW(-@1)
                 	SBCI R27,HIGH(-@1)
                 	ST   X,R30
                 	.ENDM
                 
                 	.MACRO __PUTW1SN
                 	LDD  R26,Y+@0
                 	LDD  R27,Y+@0+1
                 	SUBI R26,LOW(-@1)
                 	SBCI R27,HIGH(-@1)
                 	ST   X+,R30
                 	ST   X,R31
                 	.ENDM
                 
                 	.MACRO __PUTD1SN
                 	LDD  R26,Y+@0
                 	LDD  R27,Y+@0+1
                 	SUBI R26,LOW(-@1)
                 	SBCI R27,HIGH(-@1)
                 	CALL __PUTDP1
                 	.ENDM
                 
                 	.MACRO __PUTB1SNS
                 	LDD  R26,Y+@0
                 	LDD  R27,Y+@0+1
                 	ADIW R26,@1
                 	ST   X,R30
                 	.ENDM
                 
                 	.MACRO __PUTW1SNS
                 	LDD  R26,Y+@0
                 	LDD  R27,Y+@0+1
                 	ADIW R26,@1
                 	ST   X+,R30
                 	ST   X,R31
                 	.ENDM
                 
                 	.MACRO __PUTD1SNS
                 	LDD  R26,Y+@0
                 	LDD  R27,Y+@0+1
                 	ADIW R26,@1
                 	CALL __PUTDP1
                 	.ENDM
                 
                 	.MACRO __PUTB1PMN
                 	LDS  R26,@0
                 	LDS  R27,@0+1
                 	SUBI R26,LOW(-@1)
                 	SBCI R27,HIGH(-@1)
                 	ST   X,R30
                 	.ENDM
                 
                 	.MACRO __PUTW1PMN
                 	LDS  R26,@0
                 	LDS  R27,@0+1
                 	SUBI R26,LOW(-@1)
                 	SBCI R27,HIGH(-@1)
                 	ST   X+,R30
                 	ST   X,R31
                 	.ENDM
                 
                 	.MACRO __PUTD1PMN
                 	LDS  R26,@0
                 	LDS  R27,@0+1
                 	SUBI R26,LOW(-@1)
                 	SBCI R27,HIGH(-@1)
                 	CALL __PUTDP1
                 	.ENDM
                 
                 	.MACRO __PUTB1PMNS
                 	LDS  R26,@0
                 	LDS  R27,@0+1
                 	ADIW R26,@1
                 	ST   X,R30
                 	.ENDM
                 
                 	.MACRO __PUTW1PMNS
                 	LDS  R26,@0
                 	LDS  R27,@0+1
                 	ADIW R26,@1
                 	ST   X+,R30
                 	ST   X,R31
                 	.ENDM
                 
                 	.MACRO __PUTD1PMNS
                 	LDS  R26,@0
                 	LDS  R27,@0+1
                 	ADIW R26,@1
                 	CALL __PUTDP1
                 	.ENDM
                 
                 	.MACRO __PUTB1RN
                 	MOVW R26,R@0
                 	SUBI R26,LOW(-@1)
                 	SBCI R27,HIGH(-@1)
                 	ST   X,R30
                 	.ENDM
                 
                 	.MACRO __PUTW1RN
                 	MOVW R26,R@0
                 	SUBI R26,LOW(-@1)
                 	SBCI R27,HIGH(-@1)
                 	ST   X+,R30
                 	ST   X,R31
                 	.ENDM
                 
                 	.MACRO __PUTD1RN
                 	MOVW R26,R@0
                 	SUBI R26,LOW(-@1)
                 	SBCI R27,HIGH(-@1)
                 	CALL __PUTDP1
                 	.ENDM
                 
                 	.MACRO __PUTB1RNS
                 	MOVW R26,R@0
                 	ADIW R26,@1
                 	ST   X,R30
                 	.ENDM
                 
                 	.MACRO __PUTW1RNS
                 	MOVW R26,R@0
                 	ADIW R26,@1
                 	ST   X+,R30
                 	ST   X,R31
                 	.ENDM
                 
                 	.MACRO __PUTD1RNS
                 	MOVW R26,R@0
                 	ADIW R26,@1
                 	CALL __PUTDP1
                 	.ENDM
                 
                 	.MACRO __PUTB1RON
                 	MOV  R26,R@0
                 	MOV  R27,R@1
                 	SUBI R26,LOW(-@2)
                 	SBCI R27,HIGH(-@2)
                 	ST   X,R30
                 	.ENDM
                 
                 	.MACRO __PUTW1RON
                 	MOV  R26,R@0
                 	MOV  R27,R@1
                 	SUBI R26,LOW(-@2)
                 	SBCI R27,HIGH(-@2)
                 	ST   X+,R30
                 	ST   X,R31
                 	.ENDM
                 
                 	.MACRO __PUTD1RON
                 	MOV  R26,R@0
                 	MOV  R27,R@1
                 	SUBI R26,LOW(-@2)
                 	SBCI R27,HIGH(-@2)
                 	CALL __PUTDP1
                 	.ENDM
                 
                 	.MACRO __PUTB1RONS
                 	MOV  R26,R@0
                 	MOV  R27,R@1
                 	ADIW R26,@2
                 	ST   X,R30
                 	.ENDM
                 
                 	.MACRO __PUTW1RONS
                 	MOV  R26,R@0
                 	MOV  R27,R@1
                 	ADIW R26,@2
                 	ST   X+,R30
                 	ST   X,R31
                 	.ENDM
                 
                 	.MACRO __PUTD1RONS
                 	MOV  R26,R@0
                 	MOV  R27,R@1
                 	ADIW R26,@2
                 	CALL __PUTDP1
                 	.ENDM
                 
                 
                 	.MACRO __GETB1SX
                 	MOVW R30,R28
                 	SUBI R30,LOW(-@0)
                 	SBCI R31,HIGH(-@0)
                 	LD   R30,Z
                 	.ENDM
                 
                 	.MACRO __GETB1HSX
                 	MOVW R30,R28
                 	SUBI R30,LOW(-@0)
                 	SBCI R31,HIGH(-@0)
                 	LD   R31,Z
                 	.ENDM
                 
                 	.MACRO __GETW1SX
                 	MOVW R30,R28
                 	SUBI R30,LOW(-@0)
                 	SBCI R31,HIGH(-@0)
                 	LD   R0,Z+
                 	LD   R31,Z
                 	MOV  R30,R0
                 	.ENDM
                 
                 	.MACRO __GETD1SX
                 	MOVW R30,R28
                 	SUBI R30,LOW(-@0)
                 	SBCI R31,HIGH(-@0)
                 	LD   R0,Z+
                 	LD   R1,Z+
                 	LD   R22,Z+
                 	LD   R23,Z
                 	MOVW R30,R0
                 	.ENDM
                 
                 	.MACRO __GETB2SX
                 	MOVW R26,R28
                 	SUBI R26,LOW(-@0)
                 	SBCI R27,HIGH(-@0)
                 	LD   R26,X
                 	.ENDM
                 
                 	.MACRO __GETW2SX
                 	MOVW R26,R28
                 	SUBI R26,LOW(-@0)
                 	SBCI R27,HIGH(-@0)
                 	LD   R0,X+
                 	LD   R27,X
                 	MOV  R26,R0
                 	.ENDM
                 
                 	.MACRO __GETD2SX
                 	MOVW R26,R28
                 	SUBI R26,LOW(-@0)
                 	SBCI R27,HIGH(-@0)
                 	LD   R0,X+
                 	LD   R1,X+
                 	LD   R24,X+
                 	LD   R25,X
                 	MOVW R26,R0
                 	.ENDM
                 
                 	.MACRO __GETBRSX
                 	MOVW R30,R28
                 	SUBI R30,LOW(-@1)
                 	SBCI R31,HIGH(-@1)
                 	LD   R@0,Z
                 	.ENDM
                 
                 	.MACRO __GETWRSX
                 	MOVW R30,R28
                 	SUBI R30,LOW(-@2)
                 	SBCI R31,HIGH(-@2)
                 	LD   R@0,Z+
                 	LD   R@1,Z
                 	.ENDM
                 
                 	.MACRO __GETBRSX2
                 	MOVW R26,R28
                 	SUBI R26,LOW(-@1)
                 	SBCI R27,HIGH(-@1)
                 	LD   R@0,X
                 	.ENDM
                 
                 	.MACRO __GETWRSX2
                 	MOVW R26,R28
                 	SUBI R26,LOW(-@2)
                 	SBCI R27,HIGH(-@2)
                 	LD   R@0,X+
                 	LD   R@1,X
                 	.ENDM
                 
                 	.MACRO __LSLW8SX
                 	MOVW R30,R28
                 	SUBI R30,LOW(-@0)
                 	SBCI R31,HIGH(-@0)
                 	LD   R31,Z
                 	CLR  R30
                 	.ENDM
                 
                 	.MACRO __PUTB1SX
                 	MOVW R26,R28
                 	SUBI R26,LOW(-@0)
                 	SBCI R27,HIGH(-@0)
                 	ST   X,R30
                 	.ENDM
                 
                 	.MACRO __PUTW1SX
                 	MOVW R26,R28
                 	SUBI R26,LOW(-@0)
                 	SBCI R27,HIGH(-@0)
                 	ST   X+,R30
                 	ST   X,R31
                 	.ENDM
                 
                 	.MACRO __PUTD1SX
                 	MOVW R26,R28
                 	SUBI R26,LOW(-@0)
                 	SBCI R27,HIGH(-@0)
                 	ST   X+,R30
                 	ST   X+,R31
                 	ST   X+,R22
                 	ST   X,R23
                 	.ENDM
                 
                 	.MACRO __CLRW1SX
                 	MOVW R26,R28
                 	SUBI R26,LOW(-@0)
                 	SBCI R27,HIGH(-@0)
                 	ST   X+,R30
                 	ST   X,R30
                 	.ENDM
                 
                 	.MACRO __CLRD1SX
                 	MOVW R26,R28
                 	SUBI R26,LOW(-@0)
                 	SBCI R27,HIGH(-@0)
                 	ST   X+,R30
                 	ST   X+,R30
                 	ST   X+,R30
                 	ST   X,R30
                 	.ENDM
                 
                 	.MACRO __PUTB2SX
                 	MOVW R30,R28
                 	SUBI R30,LOW(-@0)
                 	SBCI R31,HIGH(-@0)
                 	ST   Z,R26
                 	.ENDM
                 
                 	.MACRO __PUTW2SX
                 	MOVW R30,R28
                 	SUBI R30,LOW(-@0)
                 	SBCI R31,HIGH(-@0)
                 	ST   Z+,R26
                 	ST   Z,R27
                 	.ENDM
                 
                 	.MACRO __PUTD2SX
                 	MOVW R30,R28
                 	SUBI R30,LOW(-@0)
                 	SBCI R31,HIGH(-@0)
                 	ST   Z+,R26
                 	ST   Z+,R27
                 	ST   Z+,R24
                 	ST   Z,R25
                 	.ENDM
                 
                 	.MACRO __PUTBSRX
                 	MOVW R30,R28
                 	SUBI R30,LOW(-@1)
                 	SBCI R31,HIGH(-@1)
                 	ST   Z,R@0
                 	.ENDM
                 
                 	.MACRO __PUTWSRX
                 	MOVW R30,R28
                 	SUBI R30,LOW(-@2)
                 	SBCI R31,HIGH(-@2)
                 	ST   Z+,R@0
                 	ST   Z,R@1
                 	.ENDM
                 
                 	.MACRO __PUTB1SNX
                 	MOVW R26,R28
                 	SUBI R26,LOW(-@0)
                 	SBCI R27,HIGH(-@0)
                 	LD   R0,X+
                 	LD   R27,X
                 	MOV  R26,R0
                 	SUBI R26,LOW(-@1)
                 	SBCI R27,HIGH(-@1)
                 	ST   X,R30
                 	.ENDM
                 
                 	.MACRO __PUTW1SNX
                 	MOVW R26,R28
                 	SUBI R26,LOW(-@0)
                 	SBCI R27,HIGH(-@0)
                 	LD   R0,X+
                 	LD   R27,X
                 	MOV  R26,R0
                 	SUBI R26,LOW(-@1)
                 	SBCI R27,HIGH(-@1)
                 	ST   X+,R30
                 	ST   X,R31
                 	.ENDM
                 
                 	.MACRO __PUTD1SNX
                 	MOVW R26,R28
                 	SUBI R26,LOW(-@0)
                 	SBCI R27,HIGH(-@0)
                 	LD   R0,X+
                 	LD   R27,X
                 	MOV  R26,R0
                 	SUBI R26,LOW(-@1)
                 	SBCI R27,HIGH(-@1)
                 	ST   X+,R30
                 	ST   X+,R31
                 	ST   X+,R22
                 	ST   X,R23
                 	.ENDM
                 
                 	.MACRO __MULBRR
                 	MULS R@0,R@1
                 	MOVW R30,R0
                 	.ENDM
                 
                 	.MACRO __MULBRRU
                 	MUL  R@0,R@1
                 	MOVW R30,R0
                 	.ENDM
                 
                 	.MACRO __MULBRR0
                 	MULS R@0,R@1
                 	.ENDM
                 
                 	.MACRO __MULBRRU0
                 	MUL  R@0,R@1
                 	.ENDM
                 
                 	.MACRO __MULBNWRU
                 	LDI  R26,@2
                 	MUL  R26,R@0
                 	MOVW R30,R0
                 	MUL  R26,R@1
                 	ADD  R31,R0
                 	.ENDM
                 
                 ;NAME DEFINITIONS FOR GLOBAL VARIABLES ALLOCATED TO REGISTERS
                 	.DEF _counterLightVertical=R4
                 	.DEF _counterLightHorizontal=R6
                 
                 	.CSEG
                 	.ORG 0x00
                 
                 ;START OF CODE MARKER
                 __START_OF_CODE:
                 
                 ;INTERRUPT VECTORS
000000 940c 0039 	JMP  __RESET
000002 940c 0000 	JMP  0x00
000004 940c 0000 	JMP  0x00
000006 940c 0000 	JMP  0x00
000008 940c 0000 	JMP  0x00
00000a 940c 0000 	JMP  0x00
00000c 940c 0000 	JMP  0x00
00000e 940c 0000 	JMP  0x00
000010 940c 0000 	JMP  0x00
000012 940c 0000 	JMP  0x00
000014 940c 0000 	JMP  0x00
000016 940c 008e 	JMP  _timer0_ovf_isr
000018 940c 0000 	JMP  0x00
00001a 940c 0000 	JMP  0x00
00001c 940c 0000 	JMP  0x00
00001e 940c 0000 	JMP  0x00
000020 940c 0000 	JMP  0x00
000022 940c 0000 	JMP  0x00
000024 940c 0000 	JMP  0x00
000026 940c 0000 	JMP  0x00
000028 940c 0000 	JMP  0x00
                 
                 _digit:
00002a 063f
00002b 4f5b
00002c 6d66
00002d 077d      	.DB  0x3F,0x6,0x5B,0x4F,0x66,0x6D,0x7D,0x7
00002e 6f7f      	.DB  0x7F,0x6F
                 
                 _0x2020060:
F:\Users\ROOT\Desktop\HW3mo\List\HW3_903119.asm(1109): warning: .cseg .db misalignment - padding zero byte
00002f 0001      	.DB  0x1
                 _0x2020000:
000030 4e2d
000031 4e41
000032 4900
000033 464e      	.DB  0x2D,0x4E,0x41,0x4E,0x0,0x49,0x4E,0x46
F:\Users\ROOT\Desktop\HW3mo\List\HW3_903119.asm(1112): warning: .cseg .db misalignment - padding zero byte
000034 0000      	.DB  0x0
                 
                 __GLOBAL_INI_TBL:
000035 0001      	.DW  0x01
000036 0260      	.DW  __seed_G101
000037 005e      	.DW  _0x2020060*2
                 
                 _0xFFFFFFFF:
000038 0000      	.DW  0
                 
                 __RESET:
000039 94f8      	CLI
00003a 27ee      	CLR  R30
00003b bbec      	OUT  EECR,R30
                 
                 ;INTERRUPT VECTORS ARE PLACED
                 ;AT THE START OF FLASH
00003c e0f1      	LDI  R31,1
00003d bffb      	OUT  GICR,R31
00003e bfeb      	OUT  GICR,R30
00003f bfe5      	OUT  MCUCR,R30
                 
                 ;DISABLE WATCHDOG
000040 e1f8      	LDI  R31,0x18
000041 bdf1      	OUT  WDTCR,R31
000042 bde1      	OUT  WDTCR,R30
                 
                 ;CLEAR R2-R14
000043 e08d      	LDI  R24,(14-2)+1
000044 e0a2      	LDI  R26,2
000045 27bb      	CLR  R27
                 __CLEAR_REG:
000046 93ed      	ST   X+,R30
000047 958a      	DEC  R24
000048 f7e9      	BRNE __CLEAR_REG
                 
                 ;CLEAR SRAM
000049 e080      	LDI  R24,LOW(__CLEAR_SRAM_SIZE)
00004a e098      	LDI  R25,HIGH(__CLEAR_SRAM_SIZE)
00004b e6a0      	LDI  R26,__SRAM_START
                 __CLEAR_SRAM:
00004c 93ed      	ST   X+,R30
00004d 9701      	SBIW R24,1
00004e f7e9      	BRNE __CLEAR_SRAM
                 
                 ;GLOBAL VARIABLES INITIALIZATION
00004f e6ea      	LDI  R30,LOW(__GLOBAL_INI_TBL*2)
000050 e0f0      	LDI  R31,HIGH(__GLOBAL_INI_TBL*2)
                 __GLOBAL_INI_NEXT:
000051 9185      	LPM  R24,Z+
000052 9195      	LPM  R25,Z+
000053 9700      	SBIW R24,0
000054 f061      	BREQ __GLOBAL_INI_END
000055 91a5      	LPM  R26,Z+
000056 91b5      	LPM  R27,Z+
000057 9005      	LPM  R0,Z+
000058 9015      	LPM  R1,Z+
000059 01bf      	MOVW R22,R30
00005a 01f0      	MOVW R30,R0
                 __GLOBAL_INI_LOOP:
00005b 9005      	LPM  R0,Z+
00005c 920d      	ST   X+,R0
00005d 9701      	SBIW R24,1
00005e f7e1      	BRNE __GLOBAL_INI_LOOP
00005f 01fb      	MOVW R30,R22
000060 cff0      	RJMP __GLOBAL_INI_NEXT
                 __GLOBAL_INI_END:
                 
                 ;HARDWARE STACK POINTER INITIALIZATION
000061 e5ef      	LDI  R30,LOW(__SRAM_END-__HEAP_SIZE)
000062 bfed      	OUT  SPL,R30
000063 e0e8      	LDI  R30,HIGH(__SRAM_END-__HEAP_SIZE)
000064 bfee      	OUT  SPH,R30
                 
                 ;DATA STACK POINTER INITIALIZATION
000065 e6c0      	LDI  R28,LOW(__SRAM_START+__DSTACK_SIZE)
000066 e0d2      	LDI  R29,HIGH(__SRAM_START+__DSTACK_SIZE)
                 
000067 940c 00a9 	JMP  _main
                 
                 	.ESEG
                 	.ORG 0
                 
                 	.DSEG
                 	.ORG 0x260
                 
                 	.CSEG
                 ;/*****************************************************
                 ;This program was produced by the
                 ;CodeWizardAVR V2.05.3 Standard
                 ;Automatic Program Generator
                 ;© Copyright 1998-2011 Pavel Haiduc, HP InfoTech s.r.l.
                 ;http://www.hpinfotech.com
                 ;
                 ;Project : HW3_903119
                 ;Version :
                 ;Date    : 3/29/2015
                 ;Author  : ROOT
                 ;Company : eng
                 ;Comments:
                 ;
                 ;
                 ;Chip type               : ATmega32
                 ;Program type            : Application
                 ;AVR Core Clock frequency: 4.000000 MHz
                 ;Memory model            : Small
                 ;External RAM size       : 0
                 ;Data Stack size         : 512
                 ;*****************************************************/
                 ;
                 ;#include <mega32.h>
                 	#ifndef __SLEEP_DEFINED__
                 	#define __SLEEP_DEFINED__
                 	.EQU __se_bit=0x80
                 	.EQU __sm_mask=0x70
                 	.EQU __sm_powerdown=0x20
                 	.EQU __sm_powersave=0x30
                 	.EQU __sm_standby=0x60
                 	.EQU __sm_ext_standby=0x70
                 	.EQU __sm_adc_noise_red=0x10
                 	.SET power_ctrl_reg=mcucr
                 	#endif
                 ;#include <delay.h>
                 ;#include <math.h>
                 ;flash char digit[10]={0x3F,0x06,0x5B,0x4F,0x66,0x6D,0x7D,0x07,0x7F,0x6F};
                 ;void sevenSegment(int input)
                 ; 0000 001D {int decimal,unit;
                 
                 	.CSEG
                 _sevenSegment:
                 ; 0000 001E decimal=floor(input/10);
000069 940e 019c 	CALL SUBOPT_0x0
                 ;	input -> Y+4
                 ;	decimal -> R16,R17
                 ;	unit -> R18,R19
                 ; 0000 001F unit=(input%10);
                 ; 0000 0020  PORTA=digit[unit];
00006b ba0b      	OUT  0x1B,R0
                 ; 0000 0021     PORTB.1=0;
00006c 98c1      	CBI  0x18,1
                 ; 0000 0022     PORTB.0=1;
00006d 9ac0      	SBI  0x18,0
                 ; 0000 0023    delay_ms(150);
00006e 940e 01bd 	CALL SUBOPT_0x1
                 ; 0000 0024     PORTB.0=0;
000070 98c0      	CBI  0x18,0
                 ; 0000 0025    PORTB.1=1;
000071 9ac1      	SBI  0x18,1
                 ; 0000 0026  PORTA=digit[decimal];
000072 01f8      	MOVW R30,R16
000073 5aec      	SUBI R30,LOW(-_digit*2)
000074 4fff      	SBCI R31,HIGH(-_digit*2)
000075 9004      	LPM  R0,Z
000076 ba0b      	OUT  0x1B,R0
                 ; 0000 0027 
                 ; 0000 0028      delay_ms(150);
000077 c00e      	RJMP _0x2080002
                 ; 0000 0029 }
                 ;
                 ;void sevenSegment2(int input)
                 ; 0000 002C {int decimal,unit;
                 _sevenSegment2:
                 ; 0000 002D decimal=floor(input/10);
000078 940e 019c 	CALL SUBOPT_0x0
                 ;	input -> Y+4
                 ;	decimal -> R16,R17
                 ;	unit -> R18,R19
                 ; 0000 002E unit=(input%10);
                 ; 0000 002F  PORTD=digit[unit];
00007a ba02      	OUT  0x12,R0
                 ; 0000 0030     PORTB.2=1;
00007b 9ac2      	SBI  0x18,2
                 ; 0000 0031     PORTB.3=0;
00007c 98c3      	CBI  0x18,3
                 ; 0000 0032    delay_ms(150);
00007d 940e 01bd 	CALL SUBOPT_0x1
                 ; 0000 0033     PORTB.2=0;
00007f 98c2      	CBI  0x18,2
                 ; 0000 0034    PORTB.3=1;
000080 9ac3      	SBI  0x18,3
                 ; 0000 0035  PORTD=digit[decimal];
000081 01f8      	MOVW R30,R16
000082 5aec      	SUBI R30,LOW(-_digit*2)
000083 4fff      	SBCI R31,HIGH(-_digit*2)
000084 9004      	LPM  R0,Z
000085 ba02      	OUT  0x12,R0
                 ; 0000 0036 
                 ; 0000 0037      delay_ms(150);
                 _0x2080002:
000086 e9a6      	LDI  R26,LOW(150)
000087 e0b0      	LDI  R27,0
000088 940e 01da 	CALL _delay_ms
                 ; 0000 0038 }
00008a 940e 0323 	CALL __LOADLOCR4
00008c 9626      	ADIW R28,6
00008d 9508      	RET
                 ;int counterLightVertical,counterLightHorizontal;
                 ;// Timer 0 overflow interrupt service routine
                 ;interrupt [TIM0_OVF] void timer0_ovf_isr(void)
                 ; 0000 003C { counterLightVertical+=1;
                 _timer0_ovf_isr:
00008e 93ea      	ST   -Y,R30
00008f 93fa      	ST   -Y,R31
000090 b7ef      	IN   R30,SREG
000091 93ea      	ST   -Y,R30
000092 01f2      	MOVW R30,R4
000093 9631      	ADIW R30,1
000094 012f      	MOVW R4,R30
                 ; 0000 003D    counterLightHorizontal+=1;
000095 01f3      	MOVW R30,R6
000096 9631      	ADIW R30,1
000097 013f      	MOVW R6,R30
                 ; 0000 003E // Place your code here
                 ; 0000 003F  if(counterLightVertical>12501)
000098 ede5      	LDI  R30,LOW(12501)
000099 e3f0      	LDI  R31,HIGH(12501)
00009a 15e4      	CP   R30,R4
00009b 05f5      	CPC  R31,R5
00009c f414      	BRGE _0x13
                 ; 0000 0040  counterLightVertical=0;
00009d 2444      	CLR  R4
00009e 2455      	CLR  R5
                 ; 0000 0041  if(counterLightHorizontal>12500)
                 _0x13:
00009f 940e 01c1 	CALL SUBOPT_0x2
0000a1 f414      	BRGE _0x14
                 ; 0000 0042   counterLightHorizontal=0;
0000a2 2466      	CLR  R6
0000a3 2477      	CLR  R7
                 ; 0000 0043 
                 ; 0000 0044 }
                 _0x14:
0000a4 91e9      	LD   R30,Y+
0000a5 bfef      	OUT  SREG,R30
0000a6 91f9      	LD   R31,Y+
0000a7 91e9      	LD   R30,Y+
0000a8 9518      	RETI
                 ;
                 ;
                 ;// Declare your global variables here
                 ;
                 ;void main(void)
                 ; 0000 004A {
                 _main:
                 ; 0000 004B // Declare your local variables here
                 ; 0000 004C 
                 ; 0000 004D // Input/Output Ports initialization
                 ; 0000 004E // Port A initialization
                 ; 0000 004F // Func7=In Func6=In Func5=In Func4=In Func3=In Func2=In Func1=In Func0=In
                 ; 0000 0050 // State7=T State6=T State5=T State4=T State3=T State2=T State1=T State0=T
                 ; 0000 0051 PORTA=0x00;
0000a9 e0e0      	LDI  R30,LOW(0)
0000aa bbeb      	OUT  0x1B,R30
                 ; 0000 0052 DDRA=0xFF;
0000ab efef      	LDI  R30,LOW(255)
0000ac bbea      	OUT  0x1A,R30
                 ; 0000 0053 
                 ; 0000 0054 // Port B initialization
                 ; 0000 0055 // Func7=In Func6=In Func5=In Func4=In Func3=In Func2=In Func1=In Func0=In
                 ; 0000 0056 // State7=T State6=T State5=T State4=T State3=T State2=T State1=T State0=T
                 ; 0000 0057 PORTB=0x00;
0000ad e0e0      	LDI  R30,LOW(0)
0000ae bbe8      	OUT  0x18,R30
                 ; 0000 0058 DDRB=0xFF;
0000af efef      	LDI  R30,LOW(255)
0000b0 bbe7      	OUT  0x17,R30
                 ; 0000 0059 
                 ; 0000 005A // Port C initialization
                 ; 0000 005B // Func7=In Func6=In Func5=Out Func4=Out Func3=Out Func2=Out Func1=Out Func0=Out
                 ; 0000 005C // State7=T State6=T State5=0 State4=0 State3=0 State2=0 State1=0 State0=0
                 ; 0000 005D PORTC=0x00;
0000b1 e0e0      	LDI  R30,LOW(0)
0000b2 bbe5      	OUT  0x15,R30
                 ; 0000 005E DDRC=0x3F;
0000b3 e3ef      	LDI  R30,LOW(63)
0000b4 bbe4      	OUT  0x14,R30
                 ; 0000 005F 
                 ; 0000 0060 // Port D initialization
                 ; 0000 0061 // Func7=In Func6=In Func5=In Func4=In Func3=In Func2=In Func1=In Func0=In
                 ; 0000 0062 // State7=T State6=T State5=T State4=T State3=T State2=T State1=T State0=T
                 ; 0000 0063 PORTD=0x00;
0000b5 e0e0      	LDI  R30,LOW(0)
0000b6 bbe2      	OUT  0x12,R30
                 ; 0000 0064 DDRD=0xFF;
0000b7 efef      	LDI  R30,LOW(255)
0000b8 bbe1      	OUT  0x11,R30
                 ; 0000 0065 
                 ; 0000 0066 // Timer/Counter 0 initialization
                 ; 0000 0067 // Clock source: System Clock
                 ; 0000 0068 // Clock value: 62.500 kHz
                 ; 0000 0069 // Mode: Normal top=0xFF
                 ; 0000 006A // OC0 output: Disconnected
                 ; 0000 006B TCCR0=0x03;
0000b9 e0e3      	LDI  R30,LOW(3)
0000ba bfe3      	OUT  0x33,R30
                 ; 0000 006C TCNT0=0x00;
0000bb e0e0      	LDI  R30,LOW(0)
0000bc bfe2      	OUT  0x32,R30
                 ; 0000 006D OCR0=0x00;
0000bd bfec      	OUT  0x3C,R30
                 ; 0000 006E 
                 ; 0000 006F // Timer/Counter 1 initialization
                 ; 0000 0070 // Clock source: System Clock
                 ; 0000 0071 // Clock value: Timer1 Stopped
                 ; 0000 0072 // Mode: Normal top=0xFFFF
                 ; 0000 0073 // OC1A output: Discon.
                 ; 0000 0074 // OC1B output: Discon.
                 ; 0000 0075 // Noise Canceler: Off
                 ; 0000 0076 // Input Capture on Falling Edge
                 ; 0000 0077 // Timer1 Overflow Interrupt: Off
                 ; 0000 0078 // Input Capture Interrupt: Off
                 ; 0000 0079 // Compare A Match Interrupt: Off
                 ; 0000 007A // Compare B Match Interrupt: Off
                 ; 0000 007B TCCR1A=0x00;
0000be bdef      	OUT  0x2F,R30
                 ; 0000 007C TCCR1B=0x00;
0000bf bdee      	OUT  0x2E,R30
                 ; 0000 007D TCNT1H=0x00;
0000c0 bded      	OUT  0x2D,R30
                 ; 0000 007E TCNT1L=0x00;
0000c1 bdec      	OUT  0x2C,R30
                 ; 0000 007F ICR1H=0x00;
0000c2 bde7      	OUT  0x27,R30
                 ; 0000 0080 ICR1L=0x00;
0000c3 bde6      	OUT  0x26,R30
                 ; 0000 0081 OCR1AH=0x00;
0000c4 bdeb      	OUT  0x2B,R30
                 ; 0000 0082 OCR1AL=0x00;
0000c5 bdea      	OUT  0x2A,R30
                 ; 0000 0083 OCR1BH=0x00;
0000c6 bde9      	OUT  0x29,R30
                 ; 0000 0084 OCR1BL=0x00;
0000c7 bde8      	OUT  0x28,R30
                 ; 0000 0085 
                 ; 0000 0086 // Timer/Counter 2 initialization
                 ; 0000 0087 // Clock source: System Clock
                 ; 0000 0088 // Clock value: Timer2 Stopped
                 ; 0000 0089 // Mode: Normal top=0xFF
                 ; 0000 008A // OC2 output: Disconnected
                 ; 0000 008B ASSR=0x00;
0000c8 bde2      	OUT  0x22,R30
                 ; 0000 008C TCCR2=0x00;
0000c9 bde5      	OUT  0x25,R30
                 ; 0000 008D TCNT2=0x00;
0000ca bde4      	OUT  0x24,R30
                 ; 0000 008E OCR2=0x00;
0000cb bde3      	OUT  0x23,R30
                 ; 0000 008F 
                 ; 0000 0090 // External Interrupt(s) initialization
                 ; 0000 0091 // INT0: Off
                 ; 0000 0092 // INT1: Off
                 ; 0000 0093 // INT2: Off
                 ; 0000 0094 MCUCR=0x00;
0000cc bfe5      	OUT  0x35,R30
                 ; 0000 0095 MCUCSR=0x00;
0000cd bfe4      	OUT  0x34,R30
                 ; 0000 0096 
                 ; 0000 0097 // Timer(s)/Counter(s) Interrupt(s) initialization
                 ; 0000 0098 TIMSK=0x01;
0000ce e0e1      	LDI  R30,LOW(1)
0000cf bfe9      	OUT  0x39,R30
                 ; 0000 0099 
                 ; 0000 009A // USART initialization
                 ; 0000 009B // USART disabled
                 ; 0000 009C UCSRB=0x00;
0000d0 e0e0      	LDI  R30,LOW(0)
0000d1 b9ea      	OUT  0xA,R30
                 ; 0000 009D 
                 ; 0000 009E // Analog Comparator initialization
                 ; 0000 009F // Analog Comparator: Off
                 ; 0000 00A0 // Analog Comparator Input Capture by Timer/Counter 1: Off
                 ; 0000 00A1 ACSR=0x80;
0000d2 e8e0      	LDI  R30,LOW(128)
0000d3 b9e8      	OUT  0x8,R30
                 ; 0000 00A2 SFIOR=0x00;
0000d4 e0e0      	LDI  R30,LOW(0)
0000d5 bfe0      	OUT  0x30,R30
                 ; 0000 00A3 
                 ; 0000 00A4 // ADC initialization
                 ; 0000 00A5 // ADC disabled
                 ; 0000 00A6 ADCSRA=0x00;
0000d6 b9e6      	OUT  0x6,R30
                 ; 0000 00A7 
                 ; 0000 00A8 // SPI initialization
                 ; 0000 00A9 // SPI disabled
                 ; 0000 00AA SPCR=0x00;
0000d7 b9ed      	OUT  0xD,R30
                 ; 0000 00AB 
                 ; 0000 00AC // TWI initialization
                 ; 0000 00AD // TWI disabled
                 ; 0000 00AE TWCR=0x00;
0000d8 bfe6      	OUT  0x36,R30
                 ; 0000 00AF 
                 ; 0000 00B0 // Global enable interrupts
                 ; 0000 00B1 #asm("sei")
0000d9 9478      	sei
                 ; 0000 00B2 
                 ; 0000 00B3 while (1)
                 _0x15:
                 ; 0000 00B4       {
                 ; 0000 00B5      //this area control vertical traphic light
                 ; 0000 00B6          if(counterLightVertical<=4500)
0000da e9e4      	LDI  R30,LOW(4500)
0000db e1f1      	LDI  R31,HIGH(4500)
0000dc 15e4      	CP   R30,R4
0000dd 05f5      	CPC  R31,R5
0000de f04c      	BRLT _0x18
                 ; 0000 00B7           {PORTC.0=0;
0000df 98a8      	CBI  0x15,0
                 ; 0000 00B8           PORTC.1=0;
0000e0 98a9      	CBI  0x15,1
                 ; 0000 00B9           PORTC.2=1;
0000e1 9aaa      	SBI  0x15,2
                 ; 0000 00BA           sevenSegment(18-(counterLightVertical/250));
0000e2 940e 01c6 	CALL SUBOPT_0x3
0000e4 e1a2      	LDI  R26,LOW(18)
0000e5 e0b0      	LDI  R27,HIGH(18)
0000e6 940e 01cc 	CALL SUBOPT_0x4
                 ; 0000 00BB 
                 ; 0000 00BC            }
                 ; 0000 00BD           if(4500<counterLightVertical&& counterLightVertical<=5000)
                 _0x18:
0000e8 e9a4      	LDI  R26,LOW(4500)
0000e9 e1b1      	LDI  R27,HIGH(4500)
0000ea 15a4      	CP   R26,R4
0000eb 05b5      	CPC  R27,R5
0000ec f42c      	BRGE _0x20
0000ed e8e8      	LDI  R30,LOW(5000)
0000ee e1f3      	LDI  R31,HIGH(5000)
0000ef 15e4      	CP   R30,R4
0000f0 05f5      	CPC  R31,R5
0000f1 f40c      	BRGE _0x21
                 _0x20:
0000f2 c009      	RJMP _0x1F
                 _0x21:
                 ; 0000 00BE           {PORTC.0=0;
0000f3 98a8      	CBI  0x15,0
                 ; 0000 00BF           PORTC.1=1;
0000f4 9aa9      	SBI  0x15,1
                 ; 0000 00C0           PORTC.2=0;
0000f5 98aa      	CBI  0x15,2
                 ; 0000 00C1           sevenSegment(20-(counterLightVertical/250));
0000f6 940e 01c6 	CALL SUBOPT_0x3
0000f8 e1a4      	LDI  R26,LOW(20)
0000f9 e0b0      	LDI  R27,HIGH(20)
0000fa 940e 01cc 	CALL SUBOPT_0x4
                 ; 0000 00C2           }
                 ; 0000 00C3           if(5000<counterLightVertical && counterLightVertical<=12500)
                 _0x1F:
0000fc e8a8      	LDI  R26,LOW(5000)
0000fd e1b3      	LDI  R27,HIGH(5000)
0000fe 15a4      	CP   R26,R4
0000ff 05b5      	CPC  R27,R5
000100 f42c      	BRGE _0x29
000101 ede4      	LDI  R30,LOW(12500)
000102 e3f0      	LDI  R31,HIGH(12500)
000103 15e4      	CP   R30,R4
000104 05f5      	CPC  R31,R5
000105 f40c      	BRGE _0x2A
                 _0x29:
000106 c009      	RJMP _0x28
                 _0x2A:
                 ; 0000 00C4           {PORTC.0=1;
000107 9aa8      	SBI  0x15,0
                 ; 0000 00C5           PORTC.1=0;
000108 98a9      	CBI  0x15,1
                 ; 0000 00C6           PORTC.2=0;
000109 98aa      	CBI  0x15,2
                 ; 0000 00C7           sevenSegment(50-(counterLightVertical/250));
00010a 940e 01c6 	CALL SUBOPT_0x3
00010c e3a2      	LDI  R26,LOW(50)
00010d e0b0      	LDI  R27,HIGH(50)
00010e 940e 01cc 	CALL SUBOPT_0x4
                 ; 0000 00C8           }
                 ; 0000 00C9           if(counterLightVertical>12500)
                 _0x28:
000110 ede4      	LDI  R30,LOW(12500)
000111 e3f0      	LDI  R31,HIGH(12500)
000112 15e4      	CP   R30,R4
000113 05f5      	CPC  R31,R5
000114 f41c      	BRGE _0x31
                 ; 0000 00CA           {PORTC.2=0;
000115 98aa      	CBI  0x15,2
                 ; 0000 00CB            PORTC.0=0;
000116 98a8      	CBI  0x15,0
                 ; 0000 00CC            PORTC.1=0;
000117 98a9      	CBI  0x15,1
                 ; 0000 00CD 
                 ; 0000 00CE                 }
                 ; 0000 00CF 
                 ; 0000 00D0            //this area control Horizontal traphic light
                 ; 0000 00D1            if(counterLightHorizontal<=7000)
                 _0x31:
000118 e5e8      	LDI  R30,LOW(7000)
000119 e1fb      	LDI  R31,HIGH(7000)
00011a 15e6      	CP   R30,R6
00011b 05f7      	CPC  R31,R7
00011c f04c      	BRLT _0x38
                 ; 0000 00D2            {PORTC.3=0;
00011d 98ab      	CBI  0x15,3
                 ; 0000 00D3            PORTC.4=0;
00011e 98ac      	CBI  0x15,4
                 ; 0000 00D4            PORTC.5=1;
00011f 9aad      	SBI  0x15,5
                 ; 0000 00D5            sevenSegment2(28-(counterLightHorizontal/250));
000120 940e 01d0 	CALL SUBOPT_0x5
000122 e1ac      	LDI  R26,LOW(28)
000123 e0b0      	LDI  R27,HIGH(28)
000124 940e 01d6 	CALL SUBOPT_0x6
                 ; 0000 00D6            }
                 ; 0000 00D7            if(counterLightHorizontal> 7000&&counterLightHorizontal<=7500)
                 _0x38:
000126 e5e8      	LDI  R30,LOW(7000)
000127 e1fb      	LDI  R31,HIGH(7000)
000128 15e6      	CP   R30,R6
000129 05f7      	CPC  R31,R7
00012a f42c      	BRGE _0x40
00012b e4ec      	LDI  R30,LOW(7500)
00012c e1fd      	LDI  R31,HIGH(7500)
00012d 15e6      	CP   R30,R6
00012e 05f7      	CPC  R31,R7
00012f f40c      	BRGE _0x41
                 _0x40:
000130 c009      	RJMP _0x3F
                 _0x41:
                 ; 0000 00D8            {PORTC.3=0;
000131 98ab      	CBI  0x15,3
                 ; 0000 00D9            PORTC.4=1;
000132 9aac      	SBI  0x15,4
                 ; 0000 00DA            PORTC.5=0;
000133 98ad      	CBI  0x15,5
                 ; 0000 00DB            sevenSegment2(30-(counterLightHorizontal/250));
000134 940e 01d0 	CALL SUBOPT_0x5
000136 e1ae      	LDI  R26,LOW(30)
000137 e0b0      	LDI  R27,HIGH(30)
000138 940e 01d6 	CALL SUBOPT_0x6
                 ; 0000 00DC            }
                 ; 0000 00DD 
                 ; 0000 00DE            if(counterLightHorizontal> 7500&&counterLightHorizontal<=12500)
                 _0x3F:
00013a e4ec      	LDI  R30,LOW(7500)
00013b e1fd      	LDI  R31,HIGH(7500)
00013c 15e6      	CP   R30,R6
00013d 05f7      	CPC  R31,R7
00013e f41c      	BRGE _0x49
00013f 940e 01c1 	CALL SUBOPT_0x2
000141 f40c      	BRGE _0x4A
                 _0x49:
000142 c009      	RJMP _0x48
                 _0x4A:
                 ; 0000 00DF            {PORTC.3=1;
000143 9aab      	SBI  0x15,3
                 ; 0000 00E0            PORTC.4=0;
000144 98ac      	CBI  0x15,4
                 ; 0000 00E1            PORTC.5=0;
000145 98ad      	CBI  0x15,5
                 ; 0000 00E2            sevenSegment2(50-(counterLightHorizontal/250));
000146 940e 01d0 	CALL SUBOPT_0x5
000148 e3a2      	LDI  R26,LOW(50)
000149 e0b0      	LDI  R27,HIGH(50)
00014a 940e 01d6 	CALL SUBOPT_0x6
                 ; 0000 00E3            }
                 ; 0000 00E4              if(counterLightHorizontal>12500)
                 _0x48:
00014c 940e 01c1 	CALL SUBOPT_0x2
00014e f41c      	BRGE _0x51
                 ; 0000 00E5            {PORTC.3=0;
00014f 98ab      	CBI  0x15,3
                 ; 0000 00E6            PORTC.4=0;
000150 98ac      	CBI  0x15,4
                 ; 0000 00E7            PORTC.5=0;
000151 98ad      	CBI  0x15,5
                 ; 0000 00E8            }
                 ; 0000 00E9 
                 ; 0000 00EA 
                 ; 0000 00EB       }
                 _0x51:
000152 cf87      	RJMP _0x15
                 ; 0000 00EC }
                 _0x58:
000153 cfff      	RJMP _0x58
                 
                 	.CSEG
                 _ftrunc:
000154 940e 0319 	CALL __PUTPARD2
000156 817b         ldd  r23,y+3
000157 816a         ldd  r22,y+2
000158 81f9         ldd  r31,y+1
000159 81e8         ld   r30,y
00015a fb77         bst  r23,7
00015b 0f77         lsl  r23
00015c fd67         sbrc r22,7
00015d 6071         sbr  r23,1
00015e 2f97         mov  r25,r23
00015f 579e         subi r25,0x7e
000160 f081         breq __ftrunc0
000161 f078         brcs __ftrunc0
000162 3198         cpi  r25,24
000163 f490         brsh __ftrunc1
000164 27aa         clr  r26
000165 27bb         clr  r27
000166 2788         clr  r24
                 __ftrunc2:
000167 9408         sec
000168 9587         ror  r24
000169 95b7         ror  r27
00016a 95a7         ror  r26
00016b 959a         dec  r25
00016c f7d1         brne __ftrunc2
00016d 23ea         and  r30,r26
00016e 23fb         and  r31,r27
00016f 2368         and  r22,r24
000170 c005         rjmp __ftrunc1
                 __ftrunc0:
000171 94e8         clt
000172 2777         clr  r23
000173 27ee         clr  r30
000174 27ff         clr  r31
000175 2766         clr  r22
                 __ftrunc1:
000176 776f         cbr  r22,0x80
000177 9576         lsr  r23
000178 f408         brcc __ftrunc3
000179 6860         sbr  r22,0x80
                 __ftrunc3:
00017a f977         bld  r23,7
00017b 91a9         ld   r26,y+
00017c 91b9         ld   r27,y+
00017d 9189         ld   r24,y+
00017e 9199         ld   r25,y+
00017f 17ea         cp   r30,r26
000180 07fb         cpc  r31,r27
000181 0768         cpc  r22,r24
000182 0779         cpc  r23,r25
000183 fb97         bst  r25,7
000184 9508         ret
                 _floor:
000185 940e 0319 	CALL __PUTPARD2
000187 940e 030f 	CALL __GETD2S0
000189 940e 0154 	CALL _ftrunc
00018b 940e 0314 	CALL __PUTD1S0
00018d f419          brne __floor1
                 __floor0:
00018e 940e 030a 	CALL __GETD1S0
000190 c009      	RJMP _0x2080001
                 __floor1:
000191 f7e6          brtc __floor0
000192 940e 030a 	CALL __GETD1S0
                +
000194 e0a0     +LDI R26 , LOW ( 0x3F800000 )
000195 e0b0     +LDI R27 , HIGH ( 0x3F800000 )
000196 e880     +LDI R24 , BYTE3 ( 0x3F800000 )
000197 e39f     +LDI R25 , BYTE4 ( 0x3F800000 )
                 	__GETD2N 0x3F800000
000198 940e 0273 	CALL __SUBF12
                 _0x2080001:
00019a 9624      	ADIW R28,4
00019b 9508      	RET
                 
                 	.CSEG
                 
                 	.DSEG
                 
                 	.CSEG
                 
                 	.CSEG
                 
                 	.CSEG
                 
                 	.DSEG
                 __seed_G101:
000260           	.BYTE 0x4
                 
                 	.CSEG
                 ;OPTIMIZER ADDED SUBROUTINE, CALLED 2 TIMES, CODE SIZE REDUCTION:27 WORDS
                 SUBOPT_0x0:
00019c 93ba      	ST   -Y,R27
00019d 93aa      	ST   -Y,R26
00019e 940e 031e 	CALL __SAVELOCR4
0001a0 81ac      	LDD  R26,Y+4
0001a1 81bd      	LDD  R27,Y+4+1
0001a2 e0ea      	LDI  R30,LOW(10)
0001a3 e0f0      	LDI  R31,HIGH(10)
0001a4 940e 02e9 	CALL __DIVW21
0001a6 940e 02d1 	CALL __CWD1
0001a8 940e 0240 	CALL __CDF1
0001aa 01df      	MOVW R26,R30
0001ab 01cb      	MOVW R24,R22
0001ac 940e 0185 	CALL _floor
0001ae 940e 0209 	CALL __CFD1
0001b0 018f      	MOVW R16,R30
0001b1 81ac      	LDD  R26,Y+4
0001b2 81bd      	LDD  R27,Y+4+1
0001b3 e0ea      	LDI  R30,LOW(10)
0001b4 e0f0      	LDI  R31,HIGH(10)
0001b5 940e 02ee 	CALL __MODW21
0001b7 019f      	MOVW R18,R30
0001b8 01f9      	MOVW R30,R18
0001b9 5aec      	SUBI R30,LOW(-_digit*2)
0001ba 4fff      	SBCI R31,HIGH(-_digit*2)
0001bb 9004      	LPM  R0,Z
0001bc 9508      	RET
                 
                 ;OPTIMIZER ADDED SUBROUTINE, CALLED 2 TIMES, CODE SIZE REDUCTION:1 WORDS
                 SUBOPT_0x1:
0001bd e9a6      	LDI  R26,LOW(150)
0001be e0b0      	LDI  R27,0
0001bf 940c 01da 	JMP  _delay_ms
                 
                 ;OPTIMIZER ADDED SUBROUTINE, CALLED 3 TIMES, CODE SIZE REDUCTION:1 WORDS
                 SUBOPT_0x2:
0001c1 ede4      	LDI  R30,LOW(12500)
0001c2 e3f0      	LDI  R31,HIGH(12500)
0001c3 15e6      	CP   R30,R6
0001c4 05f7      	CPC  R31,R7
0001c5 9508      	RET
                 
                 ;OPTIMIZER ADDED SUBROUTINE, CALLED 3 TIMES, CODE SIZE REDUCTION:3 WORDS
                 SUBOPT_0x3:
0001c6 01d2      	MOVW R26,R4
0001c7 efea      	LDI  R30,LOW(250)
0001c8 e0f0      	LDI  R31,HIGH(250)
0001c9 940e 02e9 	CALL __DIVW21
0001cb 9508      	RET
                 
                 ;OPTIMIZER ADDED SUBROUTINE, CALLED 3 TIMES, CODE SIZE REDUCTION:1 WORDS
                 SUBOPT_0x4:
0001cc 1bae      	SUB  R26,R30
0001cd 0bbf      	SBC  R27,R31
0001ce 940c 0069 	JMP  _sevenSegment
                 
                 ;OPTIMIZER ADDED SUBROUTINE, CALLED 3 TIMES, CODE SIZE REDUCTION:3 WORDS
                 SUBOPT_0x5:
0001d0 01d3      	MOVW R26,R6
0001d1 efea      	LDI  R30,LOW(250)
0001d2 e0f0      	LDI  R31,HIGH(250)
0001d3 940e 02e9 	CALL __DIVW21
0001d5 9508      	RET
                 
                 ;OPTIMIZER ADDED SUBROUTINE, CALLED 3 TIMES, CODE SIZE REDUCTION:1 WORDS
                 SUBOPT_0x6:
0001d6 1bae      	SUB  R26,R30
0001d7 0bbf      	SBC  R27,R31
0001d8 940c 0078 	JMP  _sevenSegment2
                 
                 
                 	.CSEG
                 _delay_ms:
0001da 9610      	adiw r26,0
0001db f039      	breq __delay_ms1
                 __delay_ms0:
                +
0001dc ee88     +LDI R24 , LOW ( 0x3E8 )
0001dd e093     +LDI R25 , HIGH ( 0x3E8 )
                +__DELAY_USW_LOOP :
0001de 9701     +SBIW R24 , 1
0001df f7f1     +BRNE __DELAY_USW_LOOP
                 	__DELAY_USW 0x3E8
0001e0 95a8      	wdr
0001e1 9711      	sbiw r26,1
0001e2 f7c9      	brne __delay_ms0
                 __delay_ms1:
0001e3 9508      	ret
                 
                 __REPACK:
0001e4 e850      	LDI  R21,0x80
0001e5 2757      	EOR  R21,R23
0001e6 f411      	BRNE __REPACK0
0001e7 935f      	PUSH R21
0001e8 c0ca      	RJMP __ZERORES
                 __REPACK0:
0001e9 3f5f      	CPI  R21,0xFF
0001ea f031      	BREQ __REPACK1
0001eb 0f66      	LSL  R22
0001ec 0c00      	LSL  R0
0001ed 9557      	ROR  R21
0001ee 9567      	ROR  R22
0001ef 2f75      	MOV  R23,R21
0001f0 9508      	RET
                 __REPACK1:
0001f1 935f      	PUSH R21
0001f2 2000      	TST  R0
0001f3 f00a      	BRMI __REPACK2
0001f4 c0ca      	RJMP __MAXRES
                 __REPACK2:
0001f5 c0c3      	RJMP __MINRES
                 
                 __UNPACK:
0001f6 e850      	LDI  R21,0x80
0001f7 2e19      	MOV  R1,R25
0001f8 2215      	AND  R1,R21
0001f9 0f88      	LSL  R24
0001fa 1f99      	ROL  R25
0001fb 2795      	EOR  R25,R21
0001fc 0f55      	LSL  R21
0001fd 9587      	ROR  R24
                 
                 __UNPACK1:
0001fe e850      	LDI  R21,0x80
0001ff 2e07      	MOV  R0,R23
000200 2205      	AND  R0,R21
000201 0f66      	LSL  R22
000202 1f77      	ROL  R23
000203 2775      	EOR  R23,R21
000204 0f55      	LSL  R21
000205 9567      	ROR  R22
000206 9508      	RET
                 
                 __CFD1U:
000207 9468      	SET
000208 c001      	RJMP __CFD1U0
                 __CFD1:
000209 94e8      	CLT
                 __CFD1U0:
00020a 935f      	PUSH R21
00020b dff2      	RCALL __UNPACK1
00020c 3870      	CPI  R23,0x80
00020d f018      	BRLO __CFD10
00020e 3f7f      	CPI  R23,0xFF
00020f f408      	BRCC __CFD10
000210 c0a2      	RJMP __ZERORES
                 __CFD10:
000211 e156      	LDI  R21,22
000212 1b57      	SUB  R21,R23
000213 f4aa      	BRPL __CFD11
000214 9551      	NEG  R21
000215 3058      	CPI  R21,8
000216 f40e      	BRTC __CFD19
000217 3059      	CPI  R21,9
                 __CFD19:
000218 f030      	BRLO __CFD17
000219 efef      	SER  R30
00021a efff      	SER  R31
00021b ef6f      	SER  R22
00021c e77f      	LDI  R23,0x7F
00021d f977      	BLD  R23,7
00021e c01a      	RJMP __CFD15
                 __CFD17:
00021f 2777      	CLR  R23
000220 2355      	TST  R21
000221 f0b9      	BREQ __CFD15
                 __CFD18:
000222 0fee      	LSL  R30
000223 1fff      	ROL  R31
000224 1f66      	ROL  R22
000225 1f77      	ROL  R23
000226 955a      	DEC  R21
000227 f7d1      	BRNE __CFD18
000228 c010      	RJMP __CFD15
                 __CFD11:
000229 2777      	CLR  R23
                 __CFD12:
00022a 3058      	CPI  R21,8
00022b f028      	BRLO __CFD13
00022c 2fef      	MOV  R30,R31
00022d 2ff6      	MOV  R31,R22
00022e 2f67      	MOV  R22,R23
00022f 5058      	SUBI R21,8
000230 cff9      	RJMP __CFD12
                 __CFD13:
000231 2355      	TST  R21
000232 f031      	BREQ __CFD15
                 __CFD14:
000233 9576      	LSR  R23
000234 9567      	ROR  R22
000235 95f7      	ROR  R31
000236 95e7      	ROR  R30
000237 955a      	DEC  R21
000238 f7d1      	BRNE __CFD14
                 __CFD15:
000239 2000      	TST  R0
00023a f40a      	BRPL __CFD16
00023b d08d      	RCALL __ANEGD1
                 __CFD16:
00023c 915f      	POP  R21
00023d 9508      	RET
                 
                 __CDF1U:
00023e 9468      	SET
00023f c001      	RJMP __CDF1U0
                 __CDF1:
000240 94e8      	CLT
                 __CDF1U0:
000241 9730      	SBIW R30,0
000242 4060      	SBCI R22,0
000243 4070      	SBCI R23,0
000244 f0b1      	BREQ __CDF10
000245 2400      	CLR  R0
000246 f026      	BRTS __CDF11
000247 2377      	TST  R23
000248 f412      	BRPL __CDF11
000249 9400      	COM  R0
00024a d07e      	RCALL __ANEGD1
                 __CDF11:
00024b 2e17      	MOV  R1,R23
00024c e17e      	LDI  R23,30
00024d 2011      	TST  R1
                 __CDF12:
00024e f032      	BRMI __CDF13
00024f 957a      	DEC  R23
000250 0fee      	LSL  R30
000251 1fff      	ROL  R31
000252 1f66      	ROL  R22
000253 1c11      	ROL  R1
000254 cff9      	RJMP __CDF12
                 __CDF13:
000255 2fef      	MOV  R30,R31
000256 2ff6      	MOV  R31,R22
000257 2d61      	MOV  R22,R1
000258 935f      	PUSH R21
000259 df8a      	RCALL __REPACK
00025a 915f      	POP  R21
                 __CDF10:
00025b 9508      	RET
                 
                 __SWAPACC:
00025c 934f      	PUSH R20
00025d 01af      	MOVW R20,R30
00025e 01fd      	MOVW R30,R26
00025f 01da      	MOVW R26,R20
000260 01ab      	MOVW R20,R22
000261 01bc      	MOVW R22,R24
000262 01ca      	MOVW R24,R20
000263 2d40      	MOV  R20,R0
000264 2c01      	MOV  R0,R1
000265 2e14      	MOV  R1,R20
000266 914f      	POP  R20
000267 9508      	RET
                 
                 __UADD12:
000268 0fea      	ADD  R30,R26
000269 1ffb      	ADC  R31,R27
00026a 1f68      	ADC  R22,R24
00026b 9508      	RET
                 
                 __NEGMAN1:
00026c 95e0      	COM  R30
00026d 95f0      	COM  R31
00026e 9560      	COM  R22
00026f 5fef      	SUBI R30,-1
000270 4fff      	SBCI R31,-1
000271 4f6f      	SBCI R22,-1
000272 9508      	RET
                 
                 __SUBF12:
000273 935f      	PUSH R21
000274 df81      	RCALL __UNPACK
000275 3890      	CPI  R25,0x80
000276 f149      	BREQ __ADDF129
000277 e850      	LDI  R21,0x80
000278 2615      	EOR  R1,R21
                 
                 __ADDF120:
000279 3870      	CPI  R23,0x80
00027a f121      	BREQ __ADDF128
                 __ADDF121:
00027b 2f57      	MOV  R21,R23
00027c 1b59      	SUB  R21,R25
00027d f12b      	BRVS __ADDF1211
00027e f412      	BRPL __ADDF122
00027f dfdc      	RCALL __SWAPACC
000280 cffa      	RJMP __ADDF121
                 __ADDF122:
000281 3158      	CPI  R21,24
000282 f018      	BRLO __ADDF123
000283 27aa      	CLR  R26
000284 27bb      	CLR  R27
000285 2788      	CLR  R24
                 __ADDF123:
000286 3058      	CPI  R21,8
000287 f028      	BRLO __ADDF124
000288 2fab      	MOV  R26,R27
000289 2fb8      	MOV  R27,R24
00028a 2788      	CLR  R24
00028b 5058      	SUBI R21,8
00028c cff9      	RJMP __ADDF123
                 __ADDF124:
00028d 2355      	TST  R21
00028e f029      	BREQ __ADDF126
                 __ADDF125:
00028f 9586      	LSR  R24
000290 95b7      	ROR  R27
000291 95a7      	ROR  R26
000292 955a      	DEC  R21
000293 f7d9      	BRNE __ADDF125
                 __ADDF126:
000294 2d50      	MOV  R21,R0
000295 2551      	EOR  R21,R1
000296 f072      	BRMI __ADDF127
000297 dfd0      	RCALL __UADD12
000298 f438      	BRCC __ADDF129
000299 9567      	ROR  R22
00029a 95f7      	ROR  R31
00029b 95e7      	ROR  R30
00029c 9573      	INC  R23
00029d f413      	BRVC __ADDF129
00029e c020      	RJMP __MAXRES
                 __ADDF128:
00029f dfbc      	RCALL __SWAPACC
                 __ADDF129:
0002a0 df43      	RCALL __REPACK
0002a1 915f      	POP  R21
0002a2 9508      	RET
                 __ADDF1211:
0002a3 f7d8      	BRCC __ADDF128
0002a4 cffb      	RJMP __ADDF129
                 __ADDF127:
0002a5 1bea      	SUB  R30,R26
0002a6 0bfb      	SBC  R31,R27
0002a7 0b68      	SBC  R22,R24
0002a8 f051      	BREQ __ZERORES
0002a9 f410      	BRCC __ADDF1210
0002aa 9400      	COM  R0
0002ab dfc0      	RCALL __NEGMAN1
                 __ADDF1210:
0002ac 2366      	TST  R22
0002ad f392      	BRMI __ADDF129
0002ae 0fee      	LSL  R30
0002af 1fff      	ROL  R31
0002b0 1f66      	ROL  R22
0002b1 957a      	DEC  R23
0002b2 f7cb      	BRVC __ADDF1210
                 
                 __ZERORES:
0002b3 27ee      	CLR  R30
0002b4 27ff      	CLR  R31
0002b5 2766      	CLR  R22
0002b6 2777      	CLR  R23
0002b7 915f      	POP  R21
0002b8 9508      	RET
                 
                 __MINRES:
0002b9 efef      	SER  R30
0002ba efff      	SER  R31
0002bb e76f      	LDI  R22,0x7F
0002bc ef7f      	SER  R23
0002bd 915f      	POP  R21
0002be 9508      	RET
                 
                 __MAXRES:
0002bf efef      	SER  R30
0002c0 efff      	SER  R31
0002c1 e76f      	LDI  R22,0x7F
0002c2 e77f      	LDI  R23,0x7F
0002c3 915f      	POP  R21
0002c4 9508      	RET
                 
                 __ANEGW1:
0002c5 95f1      	NEG  R31
0002c6 95e1      	NEG  R30
0002c7 40f0      	SBCI R31,0
0002c8 9508      	RET
                 
                 __ANEGD1:
0002c9 95f0      	COM  R31
0002ca 9560      	COM  R22
0002cb 9570      	COM  R23
0002cc 95e1      	NEG  R30
0002cd 4fff      	SBCI R31,-1
0002ce 4f6f      	SBCI R22,-1
0002cf 4f7f      	SBCI R23,-1
0002d0 9508      	RET
                 
                 __CWD1:
0002d1 2f6f      	MOV  R22,R31
0002d2 0f66      	ADD  R22,R22
0002d3 0b66      	SBC  R22,R22
0002d4 2f76      	MOV  R23,R22
0002d5 9508      	RET
                 
                 __DIVW21U:
0002d6 2400      	CLR  R0
0002d7 2411      	CLR  R1
0002d8 e190      	LDI  R25,16
                 __DIVW21U1:
0002d9 0faa      	LSL  R26
0002da 1fbb      	ROL  R27
0002db 1c00      	ROL  R0
0002dc 1c11      	ROL  R1
0002dd 1a0e      	SUB  R0,R30
0002de 0a1f      	SBC  R1,R31
0002df f418      	BRCC __DIVW21U2
0002e0 0e0e      	ADD  R0,R30
0002e1 1e1f      	ADC  R1,R31
0002e2 c001      	RJMP __DIVW21U3
                 __DIVW21U2:
0002e3 60a1      	SBR  R26,1
                 __DIVW21U3:
0002e4 959a      	DEC  R25
0002e5 f799      	BRNE __DIVW21U1
0002e6 01fd      	MOVW R30,R26
0002e7 01d0      	MOVW R26,R0
0002e8 9508      	RET
                 
                 __DIVW21:
0002e9 d012      	RCALL __CHKSIGNW
0002ea dfeb      	RCALL __DIVW21U
0002eb f40e      	BRTC __DIVW211
0002ec dfd8      	RCALL __ANEGW1
                 __DIVW211:
0002ed 9508      	RET
                 
                 __MODW21:
0002ee 94e8      	CLT
0002ef ffb7      	SBRS R27,7
0002f0 c004      	RJMP __MODW211
0002f1 95a0      	COM  R26
0002f2 95b0      	COM  R27
0002f3 9611      	ADIW R26,1
0002f4 9468      	SET
                 __MODW211:
0002f5 fdf7      	SBRC R31,7
0002f6 dfce      	RCALL __ANEGW1
0002f7 dfde      	RCALL __DIVW21U
0002f8 01fd      	MOVW R30,R26
0002f9 f40e      	BRTC __MODW212
0002fa dfca      	RCALL __ANEGW1
                 __MODW212:
0002fb 9508      	RET
                 
                 __CHKSIGNW:
0002fc 94e8      	CLT
0002fd fff7      	SBRS R31,7
0002fe c002      	RJMP __CHKSW1
0002ff dfc5      	RCALL __ANEGW1
000300 9468      	SET
                 __CHKSW1:
000301 ffb7      	SBRS R27,7
000302 c006      	RJMP __CHKSW2
000303 95a0      	COM  R26
000304 95b0      	COM  R27
000305 9611      	ADIW R26,1
000306 f800      	BLD  R0,0
000307 9403      	INC  R0
000308 fa00      	BST  R0,0
                 __CHKSW2:
000309 9508      	RET
                 
                 __GETD1S0:
00030a 81e8      	LD   R30,Y
00030b 81f9      	LDD  R31,Y+1
00030c 816a      	LDD  R22,Y+2
00030d 817b      	LDD  R23,Y+3
00030e 9508      	RET
                 
                 __GETD2S0:
00030f 81a8      	LD   R26,Y
000310 81b9      	LDD  R27,Y+1
000311 818a      	LDD  R24,Y+2
000312 819b      	LDD  R25,Y+3
000313 9508      	RET
                 
                 __PUTD1S0:
000314 83e8      	ST   Y,R30
000315 83f9      	STD  Y+1,R31
000316 836a      	STD  Y+2,R22
000317 837b      	STD  Y+3,R23
000318 9508      	RET
                 
                 __PUTPARD2:
000319 939a      	ST   -Y,R25
00031a 938a      	ST   -Y,R24
00031b 93ba      	ST   -Y,R27
00031c 93aa      	ST   -Y,R26
00031d 9508      	RET
                 
                 __SAVELOCR4:
00031e 933a      	ST   -Y,R19
                 __SAVELOCR3:
00031f 932a      	ST   -Y,R18
                 __SAVELOCR2:
000320 931a      	ST   -Y,R17
000321 930a      	ST   -Y,R16
000322 9508      	RET
                 
                 __LOADLOCR4:
000323 813b      	LDD  R19,Y+3
                 __LOADLOCR3:
000324 812a      	LDD  R18,Y+2
                 __LOADLOCR2:
000325 8119      	LDD  R17,Y+1
000326 8108      	LD   R16,Y
000327 9508      	RET
                 
                 ;END OF CODE MARKER
                 __END_OF_CODE:


RESOURCE USE INFORMATION
------------------------

Notice:
The register and instruction counts are symbol table hit counts,
and hence implicitly used resources are not counted, eg, the
'lpm' instruction without operands implicitly uses r0 and z,
none of which are counted.

x,y,z are separate entities in the symbol table and are
counted separately from r26..r31 here.

.dseg memory usage only counts static data declared with .byte

ATmega32 register use summary:
r0 :  30 r1 :  15 r2 :   0 r3 :   0 r4 :  11 r5 :   8 r6 :   9 r7 :   6 
r8 :   0 r9 :   0 r10:   0 r11:   0 r12:   0 r13:   0 r14:   0 r15:   0 
r16:   5 r17:   2 r18:   4 r19:   2 r20:   8 r21:  46 r22:  45 r23:  41 
r24:  28 r25:  20 r26:  49 r27:  38 r28:   3 r29:   1 r30: 140 r31:  68 
x  :   3 y  :  44 z  :  10 
Registers used: 25 out of 35 (71.4%)

ATmega32 instruction use summary:
.lds  :   0 .lds.l:   0 .sts  :   0 .sts.l:   0 adc   :   3 add   :   3 
adiw  :   7 and   :   5 andi  :   0 asr   :   0 bclr  :   0 bld   :   3 
brbc  :   0 brbs  :   0 brcc  :   6 brcs  :   1 break :   0 breq  :  11 
brge  :  12 brhc  :   0 brhs  :   0 brid  :   0 brie  :   0 brlo  :   5 
brlt  :   2 brmi  :   4 brne  :  12 brpl  :   4 brsh  :   1 brtc  :   4 
brts  :   1 brvc  :   2 brvs  :   1 bset  :   0 bst   :   3 call  :  38 
cbi   :  22 cbr   :   1 clc   :   0 clh   :   0 cli   :   1 cln   :   0 
clr   :  26 cls   :   0 clt   :   5 clv   :   0 clz   :   0 com   :  12 
cp    :  13 cpc   :  15 cpi   :  11 cpse  :   0 dec   :   8 des   :   0 
eor   :   5 fmul  :   0 fmuls :   0 fmulsu:   0 icall :   0 ijmp  :   0 
in    :   1 inc   :   2 jmp   :  25 ld    :  11 ldd   :  16 ldi   :  92 
lds   :   0 lpm   :  13 lsl   :  11 lsr   :   3 mov   :  20 movw  :  25 
mul   :   0 muls  :   0 mulsu :   0 neg   :   4 nop   :   0 or    :   0 
ori   :   0 out   :  47 pop   :   7 push  :   6 rcall :  17 ret   :  32 
reti  :   1 rjmp  :  28 rol   :  13 ror   :  15 sbc   :   6 sbci  :  11 
sbi   :  10 sbic  :   0 sbis  :   0 sbiw  :   6 sbr   :   3 sbrc  :   2 
sbrs  :   3 sec   :   1 seh   :   0 sei   :   1 sen   :   0 ser   :   8 
ses   :   0 set   :   4 sev   :   0 sez   :   0 sleep :   0 spm   :   0 
st    :  17 std   :   3 sts   :   0 sub   :   6 subi  :   7 swap  :   0 
tst   :   8 wdr   :   1 
Instructions used: 70 out of 116 (60.3%)

ATmega32 memory use summary [bytes]:
Segment   Begin    End      Code   Data   Used    Size   Use%
---------------------------------------------------------------
[.cseg] 0x000000 0x000650   1586     30   1616   32768   4.9%
[.dseg] 0x000060 0x000264      0      4      4    2143   0.2%
[.eseg] 0x000000 0x000000      0      0      0    1024   0.0%

Assembly complete, 0 errors, 4 warnings
